<?xml version="1.0" encoding="UTF-8"?>
<testsuite xmlns:xsi="http://www.w3.org/2001/XMLSchema-instance" xsi:noNamespaceSchemaLocation="https://maven.apache.org/surefire/maven-surefire-plugin/xsd/surefire-test-report.xsd" version="3.0.2" name="com.cumulusclouds.w4153cumuluscloudsmscalendar.W4153cumuluscloudsmscalendarApplicationTests" time="3.65" tests="1" errors="0" skipped="0" failures="0">
  <properties>
[...]
</properties>
  <testcase name="contextLoads" classname="com.cumulusclouds.w4153cumuluscloudsmscalendar.W4153cumuluscloudsmscalendarApplicationTests" time="0.307">
    <system-out><![CDATA[00:43:22.279 [main] INFO org.springframework.test.context.support.AnnotationConfigContextLoaderUtils -- Could not detect default configuration classes for test class [com.cumulusclouds.w4153cumuluscloudsmscalendar.W4153cumuluscloudsmscalendarApplicationTests]: W4153cumuluscloudsmscalendarApplicationTests does not declare any static, non-private, non-final, nested classes annotated with @Configuration.
00:43:22.334 [main] INFO org.springframework.boot.test.context.SpringBootTestContextBootstrapper -- Found @SpringBootConfiguration com.cumulusclouds.w4153cumuluscloudsmscalendar.W4153cumuluscloudsmscalendarApplication for test class com.cumulusclouds.w4153cumuluscloudsmscalendar.W4153cumuluscloudsmscalendarApplicationTests

  .   ____          _            __ _ _
 /\\ / ___'_ __ _ _(_)_ __  __ _ \ \ \ \
( ( )\___ | '_ | '_| | '_ \/ _` | \ \ \ \
 \\/  ___)| |_)| | | | | || (_| |  ) ) ) )
  '  |____| .__|_| |_|_| |_\__, | / / / /
 =========|_|==============|___/=/_/_/_/

 :: Spring Boot ::                (v3.4.0)

2024-12-15T00:43:22.563-05:00  INFO 36119 --- [w4153cumuluscloudsmscalendar] [           main] 3cumuluscloudsmscalendarApplicationTests : Starting W4153cumuluscloudsmscalendarApplicationTests using Java 22.0.2 with PID 36119 (started by bhavyabellannagari in /Users/bhavyabellannagari/Desktop/cloud/W4153-Cumulus-Clouds-MS-Calendar)
2024-12-15T00:43:22.564-05:00  INFO 36119 --- [w4153cumuluscloudsmscalendar] [           main] 3cumuluscloudsmscalendarApplicationTests : No active profile set, falling back to 1 default profile: "default"
2024-12-15T00:43:22.908-05:00  INFO 36119 --- [w4153cumuluscloudsmscalendar] [           main] .s.d.r.c.RepositoryConfigurationDelegate : Bootstrapping Spring Data JPA repositories in DEFAULT mode.
2024-12-15T00:43:22.937-05:00  INFO 36119 --- [w4153cumuluscloudsmscalendar] [           main] .s.d.r.c.RepositoryConfigurationDelegate : Finished Spring Data repository scanning in 23 ms. Found 2 JPA repository interfaces.
2024-12-15T00:43:23.182-05:00  INFO 36119 --- [w4153cumuluscloudsmscalendar] [           main] o.hibernate.jpa.internal.util.LogHelper  : HHH000204: Processing PersistenceUnitInfo [name: default]
2024-12-15T00:43:23.220-05:00  INFO 36119 --- [w4153cumuluscloudsmscalendar] [           main] org.hibernate.Version                    : HHH000412: Hibernate ORM core version 6.6.2.Final
2024-12-15T00:43:23.236-05:00  INFO 36119 --- [w4153cumuluscloudsmscalendar] [           main] o.h.c.internal.RegionFactoryInitiator    : HHH000026: Second-level cache disabled
2024-12-15T00:43:23.376-05:00  INFO 36119 --- [w4153cumuluscloudsmscalendar] [           main] o.s.o.j.p.SpringPersistenceUnitInfo      : No LoadTimeWeaver setup: ignoring JPA class transformer
2024-12-15T00:43:23.391-05:00  INFO 36119 --- [w4153cumuluscloudsmscalendar] [           main] com.zaxxer.hikari.HikariDataSource       : HikariPool-1 - Starting...
2024-12-15T00:43:23.851-05:00  INFO 36119 --- [w4153cumuluscloudsmscalendar] [           main] com.zaxxer.hikari.pool.HikariPool        : HikariPool-1 - Added connection org.postgresql.jdbc.PgConnection@ff21443
2024-12-15T00:43:23.852-05:00  INFO 36119 --- [w4153cumuluscloudsmscalendar] [           main] com.zaxxer.hikari.HikariDataSource       : HikariPool-1 - Start completed.
2024-12-15T00:43:23.892-05:00  WARN 36119 --- [w4153cumuluscloudsmscalendar] [           main] org.hibernate.orm.deprecation            : HHH90000025: PostgreSQLDialect does not need to be specified explicitly using 'hibernate.dialect' (remove the property setting and it will be selected by default)
2024-12-15T00:43:23.952-05:00  INFO 36119 --- [w4153cumuluscloudsmscalendar] [           main] org.hibernate.orm.connections.pooling    : HHH10001005: Database info:
	Database JDBC URL [Connecting through datasource 'HikariDataSource (HikariPool-1)']
	Database driver: undefined/unknown
	Database version: 16.6
	Autocommit mode: undefined/unknown
	Isolation level: undefined/unknown
	Minimum pool size: undefined/unknown
	Maximum pool size: undefined/unknown
2024-12-15T00:43:24.429-05:00  INFO 36119 --- [w4153cumuluscloudsmscalendar] [           main] o.h.e.t.j.p.i.JtaPlatformInitiator       : HHH000489: No JTA platform available (set 'hibernate.transaction.jta.platform' to enable JTA platform integration)
2024-12-15T00:43:24.796-05:00  INFO 36119 --- [w4153cumuluscloudsmscalendar] [           main] j.LocalContainerEntityManagerFactoryBean : Initialized JPA EntityManagerFactory for persistence unit 'default'
2024-12-15T00:43:25.028-05:00  WARN 36119 --- [w4153cumuluscloudsmscalendar] [           main] JpaBaseConfiguration$JpaWebConfiguration : spring.jpa.open-in-view is enabled by default. Therefore, database queries may be performed during view rendering. Explicitly configure spring.jpa.open-in-view to disable this warning
2024-12-15T00:43:25.516-05:00  INFO 36119 --- [w4153cumuluscloudsmscalendar] [           main] 3cumuluscloudsmscalendarApplicationTests : Started W4153cumuluscloudsmscalendarApplicationTests in 3.114 seconds (process running for 3.807)
]]></system-out>
    <system-err><![CDATA[Mockito is currently self-attaching to enable the inline-mock-maker. This will no longer work in future releases of the JDK. Please add Mockito as an agent to your build what is described in Mockito's documentation: https://javadoc.io/doc/org.mockito/mockito-core/latest/org/mockito/Mockito.html#0.3
WARNING: A Java agent has been loaded dynamically (/Users/bhavyabellannagari/.m2/repository/net/bytebuddy/byte-buddy-agent/1.15.10/byte-buddy-agent-1.15.10.jar)
WARNING: If a serviceability tool is in use, please run with -XX:+EnableDynamicAgentLoading to hide this warning
WARNING: If a serviceability tool is not in use, please run with -Djdk.instrument.traceUsage for more information
WARNING: Dynamic loading of agents will be disallowed by default in a future release
]]></system-err>
  </testcase>
</testsuite>